<?xml version="1.0" encoding="UTF-8"?>
<!-- Generated by org.testng.reporters.JUnitReportReporter -->
<testsuite skipped="0" hostname="Lenovo-PC" name="com.integration.CITest" tests="1" failures="0" timestamp="2020-05-28T00:50:29 IST" time="3.270" errors="0">
  <testcase name="login" time="3.270" classname="com.integration.CITest"/>
  <system-out/>
</testsuite> <!-- com.integration.CITest -->
