<?xml version="1.0" encoding="UTF-8"?>
<!-- Generated by org.testng.reporters.JUnitReportReporter -->
<testsuite skipped="0" hostname="Lenovo-PC" name="com.integration.CITest" tests="1" failures="0" timestamp="2020-05-27T18:29:24 IST" time="2.902" errors="0">
  <testcase name="login" time="2.902" classname="com.integration.CITest"/>
  <system-out/>
</testsuite> <!-- com.integration.CITest -->
