<?xml version="1.0" encoding="UTF-8"?>
<!-- Generated by org.testng.reporters.JUnitReportReporter -->
<testsuite skipped="0" hostname="Lenovo-PC" name="com.integration.CiTest1" tests="1" failures="0" timestamp="2020-05-27T18:29:24 IST" time="0.014" errors="0">
  <testcase name="login" time="0.014" classname="com.integration.CiTest1"/>
  <system-out/>
</testsuite> <!-- com.integration.CiTest1 -->
